==285== Memcheck, a memory error detector
==285== Copyright (C) 2002-2017, and GNU GPL'd, by Julian Seward et al.
==285== Using Valgrind-3.18.1 and LibVEX; rerun with -h for copyright info
==285== Command: ./run
==285== Parent PID: 284
==285== 
==285== Conditional jump or move depends on uninitialised value(s)
==285==    at 0x10DC48: BeachLineRedBlackTree::search(double) (Beach_Line_RedBlackTree.cpp:551)
==285==    by 0x10E17D: BeachLineRedBlackTree::insert(Vertex, std::vector<Event, std::allocator<Event> >*) (Beach_Line_RedBlackTree.cpp:649)
==285==    by 0x111E6C: ProjectCalculations::calculateVoronoiDiagram(std::vector<Vertex, std::allocator<Vertex> >*) (ProjectCalculations.cpp:48)
==285==    by 0x10AAB8: main (main.cpp:77)
==285== 
==285== Conditional jump or move depends on uninitialised value(s)
==285==    at 0x10D0D1: Node::getEdgeValue() (Beach_Line_RedBlackTree.cpp:162)
==285==    by 0x10DCFB: BeachLineRedBlackTree::search(double) (Beach_Line_RedBlackTree.cpp:574)
==285==    by 0x10E17D: BeachLineRedBlackTree::insert(Vertex, std::vector<Event, std::allocator<Event> >*) (Beach_Line_RedBlackTree.cpp:649)
==285==    by 0x111E6C: ProjectCalculations::calculateVoronoiDiagram(std::vector<Vertex, std::allocator<Vertex> >*) (ProjectCalculations.cpp:48)
==285==    by 0x10AAB8: main (main.cpp:77)
==285== 
==285== Conditional jump or move depends on uninitialised value(s)
==285==    at 0x10D0D1: Node::getEdgeValue() (Beach_Line_RedBlackTree.cpp:162)
==285==    by 0x10DD37: BeachLineRedBlackTree::search(double) (Beach_Line_RedBlackTree.cpp:577)
==285==    by 0x10E17D: BeachLineRedBlackTree::insert(Vertex, std::vector<Event, std::allocator<Event> >*) (Beach_Line_RedBlackTree.cpp:649)
==285==    by 0x111E6C: ProjectCalculations::calculateVoronoiDiagram(std::vector<Vertex, std::allocator<Vertex> >*) (ProjectCalculations.cpp:48)
==285==    by 0x10AAB8: main (main.cpp:77)
==285== 
==285== 
==285== HEAP SUMMARY:
==285==     in use at exit: 1,928 bytes in 34 blocks
==285==   total heap usage: 56 allocs, 22 frees, 85,944 bytes allocated
==285== 
==285== 24 bytes in 1 blocks are definitely lost in loss record 5 of 28
==285==    at 0x4849013: operator new(unsigned long) (in /usr/libexec/valgrind/vgpreload_memcheck-amd64-linux.so)
==285==    by 0x111A8D: Event::Event(Event const&) (Event.cpp:45)
==285==    by 0x110EB0: void __gnu_cxx::new_allocator<Event>::construct<Event, Event const&>(Event*, Event const&) (new_allocator.h:162)
==285==    by 0x1105E6: void std::allocator_traits<std::allocator<Event> >::construct<Event, Event const&>(std::allocator<Event>&, Event*, Event const&) (alloc_traits.h:516)
==285==    by 0x1100A7: std::vector<Event, std::allocator<Event> >::push_back(Event const&) (stl_vector.h:1192)
==285==    by 0x10F802: BeachLineRedBlackTree::checkCircleEvent(Node*, std::vector<Event, std::allocator<Event> >*) (Beach_Line_RedBlackTree.cpp:983)
==285==    by 0x10EF88: BeachLineRedBlackTree::insert(Vertex, std::vector<Event, std::allocator<Event> >*) (Beach_Line_RedBlackTree.cpp:828)
==285==    by 0x111E6C: ProjectCalculations::calculateVoronoiDiagram(std::vector<Vertex, std::allocator<Vertex> >*) (ProjectCalculations.cpp:48)
==285==    by 0x10AAB8: main (main.cpp:77)
==285== 
==285== 24 bytes in 1 blocks are definitely lost in loss record 6 of 28
==285==    at 0x4849013: operator new(unsigned long) (in /usr/libexec/valgrind/vgpreload_memcheck-amd64-linux.so)
==285==    by 0x111A8D: Event::Event(Event const&) (Event.cpp:45)
==285==    by 0x110159: void std::push_heap<__gnu_cxx::__normal_iterator<Event*, std::vector<Event, std::allocator<Event> > >, Compare>(__gnu_cxx::__normal_iterator<Event*, std::vector<Event, std::allocator<Event> > >, __gnu_cxx::__normal_iterator<Event*, std::vector<Event, std::allocator<Event> > >, Compare) (stl_heap.h:214)
==285==    by 0x10F89C: BeachLineRedBlackTree::checkCircleEvent(Node*, std::vector<Event, std::allocator<Event> >*) (Beach_Line_RedBlackTree.cpp:987)
==285==    by 0x10EF88: BeachLineRedBlackTree::insert(Vertex, std::vector<Event, std::allocator<Event> >*) (Beach_Line_RedBlackTree.cpp:828)
==285==    by 0x111E6C: ProjectCalculations::calculateVoronoiDiagram(std::vector<Vertex, std::allocator<Vertex> >*) (ProjectCalculations.cpp:48)
==285==    by 0x10AAB8: main (main.cpp:77)
==285== 
==285== 24 bytes in 1 blocks are definitely lost in loss record 7 of 28
==285==    at 0x4849013: operator new(unsigned long) (in /usr/libexec/valgrind/vgpreload_memcheck-amd64-linux.so)
==285==    by 0x111A8D: Event::Event(Event const&) (Event.cpp:45)
==285==    by 0x110177: void std::push_heap<__gnu_cxx::__normal_iterator<Event*, std::vector<Event, std::allocator<Event> > >, Compare>(__gnu_cxx::__normal_iterator<Event*, std::vector<Event, std::allocator<Event> > >, __gnu_cxx::__normal_iterator<Event*, std::vector<Event, std::allocator<Event> > >, Compare) (stl_heap.h:215)
==285==    by 0x10F89C: BeachLineRedBlackTree::checkCircleEvent(Node*, std::vector<Event, std::allocator<Event> >*) (Beach_Line_RedBlackTree.cpp:987)
==285==    by 0x10EF88: BeachLineRedBlackTree::insert(Vertex, std::vector<Event, std::allocator<Event> >*) (Beach_Line_RedBlackTree.cpp:828)
==285==    by 0x111E6C: ProjectCalculations::calculateVoronoiDiagram(std::vector<Vertex, std::allocator<Vertex> >*) (ProjectCalculations.cpp:48)
==285==    by 0x10AAB8: main (main.cpp:77)
==285== 
==285== 24 bytes in 1 blocks are definitely lost in loss record 8 of 28
==285==    at 0x4849013: operator new(unsigned long) (in /usr/libexec/valgrind/vgpreload_memcheck-amd64-linux.so)
==285==    by 0x111A8D: Event::Event(Event const&) (Event.cpp:45)
==285==    by 0x111114: bool __gnu_cxx::__ops::_Iter_comp_val<Compare>::operator()<__gnu_cxx::__normal_iterator<Event*, std::vector<Event, std::allocator<Event> > >, Event>(__gnu_cxx::__normal_iterator<Event*, std::vector<Event, std::allocator<Event> > >, Event&) (predefined_ops.h:196)
==285==    by 0x110AA0: void std::__push_heap<__gnu_cxx::__normal_iterator<Event*, std::vector<Event, std::allocator<Event> > >, long, Event, __gnu_cxx::__ops::_Iter_comp_val<Compare> >(__gnu_cxx::__normal_iterator<Event*, std::vector<Event, std::allocator<Event> > >, long, long, Event, __gnu_cxx::__ops::_Iter_comp_val<Compare>&) (stl_heap.h:139)
==285==    by 0x1101AD: void std::push_heap<__gnu_cxx::__normal_iterator<Event*, std::vector<Event, std::allocator<Event> > >, Compare>(__gnu_cxx::__normal_iterator<Event*, std::vector<Event, std::allocator<Event> > >, __gnu_cxx::__normal_iterator<Event*, std::vector<Event, std::allocator<Event> > >, Compare) (stl_heap.h:215)
==285==    by 0x10F89C: BeachLineRedBlackTree::checkCircleEvent(Node*, std::vector<Event, std::allocator<Event> >*) (Beach_Line_RedBlackTree.cpp:987)
==285==    by 0x10EF88: BeachLineRedBlackTree::insert(Vertex, std::vector<Event, std::allocator<Event> >*) (Beach_Line_RedBlackTree.cpp:828)
==285==    by 0x111E6C: ProjectCalculations::calculateVoronoiDiagram(std::vector<Vertex, std::allocator<Vertex> >*) (ProjectCalculations.cpp:48)
==285==    by 0x10AAB8: main (main.cpp:77)
==285== 
==285== 24 bytes in 1 blocks are definitely lost in loss record 9 of 28
==285==    at 0x4849013: operator new(unsigned long) (in /usr/libexec/valgrind/vgpreload_memcheck-amd64-linux.so)
==285==    by 0x111A8D: Event::Event(Event const&) (Event.cpp:45)
==285==    by 0x110EB0: void __gnu_cxx::new_allocator<Event>::construct<Event, Event const&>(Event*, Event const&) (new_allocator.h:162)
==285==    by 0x1105E6: void std::allocator_traits<std::allocator<Event> >::construct<Event, Event const&>(std::allocator<Event>&, Event*, Event const&) (alloc_traits.h:516)
==285==    by 0x1100A7: std::vector<Event, std::allocator<Event> >::push_back(Event const&) (stl_vector.h:1192)
==285==    by 0x10F802: BeachLineRedBlackTree::checkCircleEvent(Node*, std::vector<Event, std::allocator<Event> >*) (Beach_Line_RedBlackTree.cpp:983)
==285==    by 0x10EFA8: BeachLineRedBlackTree::insert(Vertex, std::vector<Event, std::allocator<Event> >*) (Beach_Line_RedBlackTree.cpp:829)
==285==    by 0x111E6C: ProjectCalculations::calculateVoronoiDiagram(std::vector<Vertex, std::allocator<Vertex> >*) (ProjectCalculations.cpp:48)
==285==    by 0x10AAB8: main (main.cpp:77)
==285== 
==285== 24 bytes in 1 blocks are definitely lost in loss record 10 of 28
==285==    at 0x4849013: operator new(unsigned long) (in /usr/libexec/valgrind/vgpreload_memcheck-amd64-linux.so)
==285==    by 0x111A8D: Event::Event(Event const&) (Event.cpp:45)
==285==    by 0x110159: void std::push_heap<__gnu_cxx::__normal_iterator<Event*, std::vector<Event, std::allocator<Event> > >, Compare>(__gnu_cxx::__normal_iterator<Event*, std::vector<Event, std::allocator<Event> > >, __gnu_cxx::__normal_iterator<Event*, std::vector<Event, std::allocator<Event> > >, Compare) (stl_heap.h:214)
==285==    by 0x10F89C: BeachLineRedBlackTree::checkCircleEvent(Node*, std::vector<Event, std::allocator<Event> >*) (Beach_Line_RedBlackTree.cpp:987)
==285==    by 0x10EFA8: BeachLineRedBlackTree::insert(Vertex, std::vector<Event, std::allocator<Event> >*) (Beach_Line_RedBlackTree.cpp:829)
==285==    by 0x111E6C: ProjectCalculations::calculateVoronoiDiagram(std::vector<Vertex, std::allocator<Vertex> >*) (ProjectCalculations.cpp:48)
==285==    by 0x10AAB8: main (main.cpp:77)
==285== 
==285== 24 bytes in 1 blocks are definitely lost in loss record 11 of 28
==285==    at 0x4849013: operator new(unsigned long) (in /usr/libexec/valgrind/vgpreload_memcheck-amd64-linux.so)
==285==    by 0x111A8D: Event::Event(Event const&) (Event.cpp:45)
==285==    by 0x110177: void std::push_heap<__gnu_cxx::__normal_iterator<Event*, std::vector<Event, std::allocator<Event> > >, Compare>(__gnu_cxx::__normal_iterator<Event*, std::vector<Event, std::allocator<Event> > >, __gnu_cxx::__normal_iterator<Event*, std::vector<Event, std::allocator<Event> > >, Compare) (stl_heap.h:215)
==285==    by 0x10F89C: BeachLineRedBlackTree::checkCircleEvent(Node*, std::vector<Event, std::allocator<Event> >*) (Beach_Line_RedBlackTree.cpp:987)
==285==    by 0x10EFA8: BeachLineRedBlackTree::insert(Vertex, std::vector<Event, std::allocator<Event> >*) (Beach_Line_RedBlackTree.cpp:829)
==285==    by 0x111E6C: ProjectCalculations::calculateVoronoiDiagram(std::vector<Vertex, std::allocator<Vertex> >*) (ProjectCalculations.cpp:48)
==285==    by 0x10AAB8: main (main.cpp:77)
==285== 
==285== 24 bytes in 1 blocks are definitely lost in loss record 12 of 28
==285==    at 0x4849013: operator new(unsigned long) (in /usr/libexec/valgrind/vgpreload_memcheck-amd64-linux.so)
==285==    by 0x111A8D: Event::Event(Event const&) (Event.cpp:45)
==285==    by 0x111132: bool __gnu_cxx::__ops::_Iter_comp_val<Compare>::operator()<__gnu_cxx::__normal_iterator<Event*, std::vector<Event, std::allocator<Event> > >, Event>(__gnu_cxx::__normal_iterator<Event*, std::vector<Event, std::allocator<Event> > >, Event&) (predefined_ops.h:196)
==285==    by 0x110AA0: void std::__push_heap<__gnu_cxx::__normal_iterator<Event*, std::vector<Event, std::allocator<Event> > >, long, Event, __gnu_cxx::__ops::_Iter_comp_val<Compare> >(__gnu_cxx::__normal_iterator<Event*, std::vector<Event, std::allocator<Event> > >, long, long, Event, __gnu_cxx::__ops::_Iter_comp_val<Compare>&) (stl_heap.h:139)
==285==    by 0x1101AD: void std::push_heap<__gnu_cxx::__normal_iterator<Event*, std::vector<Event, std::allocator<Event> > >, Compare>(__gnu_cxx::__normal_iterator<Event*, std::vector<Event, std::allocator<Event> > >, __gnu_cxx::__normal_iterator<Event*, std::vector<Event, std::allocator<Event> > >, Compare) (stl_heap.h:215)
==285==    by 0x10F89C: BeachLineRedBlackTree::checkCircleEvent(Node*, std::vector<Event, std::allocator<Event> >*) (Beach_Line_RedBlackTree.cpp:987)
==285==    by 0x10EFA8: BeachLineRedBlackTree::insert(Vertex, std::vector<Event, std::allocator<Event> >*) (Beach_Line_RedBlackTree.cpp:829)
==285==    by 0x111E6C: ProjectCalculations::calculateVoronoiDiagram(std::vector<Vertex, std::allocator<Vertex> >*) (ProjectCalculations.cpp:48)
==285==    by 0x10AAB8: main (main.cpp:77)
==285== 
==285== 24 bytes in 1 blocks are definitely lost in loss record 13 of 28
==285==    at 0x4849013: operator new(unsigned long) (in /usr/libexec/valgrind/vgpreload_memcheck-amd64-linux.so)
==285==    by 0x111A8D: Event::Event(Event const&) (Event.cpp:45)
==285==    by 0x111D3A: ProjectCalculations::calculateVoronoiDiagram(std::vector<Vertex, std::allocator<Vertex> >*) (ProjectCalculations.cpp:37)
==285==    by 0x10AAB8: main (main.cpp:77)
==285== 
==285== 24 bytes in 1 blocks are definitely lost in loss record 14 of 28
==285==    at 0x4849013: operator new(unsigned long) (in /usr/libexec/valgrind/vgpreload_memcheck-amd64-linux.so)
==285==    by 0x111A8D: Event::Event(Event const&) (Event.cpp:45)
==285==    by 0x112607: void std::__pop_heap<__gnu_cxx::__normal_iterator<Event*, std::vector<Event, std::allocator<Event> > >, __gnu_cxx::__ops::_Iter_comp_iter<Compare> >(__gnu_cxx::__normal_iterator<Event*, std::vector<Event, std::allocator<Event> > >, __gnu_cxx::__normal_iterator<Event*, std::vector<Event, std::allocator<Event> > >, __gnu_cxx::__normal_iterator<Event*, std::vector<Event, std::allocator<Event> > >, __gnu_cxx::__ops::_Iter_comp_iter<Compare>&) (stl_heap.h:261)
==285==    by 0x112393: void std::pop_heap<__gnu_cxx::__normal_iterator<Event*, std::vector<Event, std::allocator<Event> > >, Compare>(__gnu_cxx::__normal_iterator<Event*, std::vector<Event, std::allocator<Event> > >, __gnu_cxx::__normal_iterator<Event*, std::vector<Event, std::allocator<Event> > >, Compare) (stl_heap.h:332)
==285==    by 0x111D9C: ProjectCalculations::calculateVoronoiDiagram(std::vector<Vertex, std::allocator<Vertex> >*) (ProjectCalculations.cpp:39)
==285==    by 0x10AAB8: main (main.cpp:77)
==285== 
==285== 24 bytes in 1 blocks are definitely lost in loss record 15 of 28
==285==    at 0x4849013: operator new(unsigned long) (in /usr/libexec/valgrind/vgpreload_memcheck-amd64-linux.so)
==285==    by 0x111A8D: Event::Event(Event const&) (Event.cpp:45)
==285==    by 0x112661: void std::__pop_heap<__gnu_cxx::__normal_iterator<Event*, std::vector<Event, std::allocator<Event> > >, __gnu_cxx::__ops::_Iter_comp_iter<Compare> >(__gnu_cxx::__normal_iterator<Event*, std::vector<Event, std::allocator<Event> > >, __gnu_cxx::__normal_iterator<Event*, std::vector<Event, std::allocator<Event> > >, __gnu_cxx::__normal_iterator<Event*, std::vector<Event, std::allocator<Event> > >, __gnu_cxx::__ops::_Iter_comp_iter<Compare>&) (stl_heap.h:263)
==285==    by 0x112393: void std::pop_heap<__gnu_cxx::__normal_iterator<Event*, std::vector<Event, std::allocator<Event> > >, Compare>(__gnu_cxx::__normal_iterator<Event*, std::vector<Event, std::allocator<Event> > >, __gnu_cxx::__normal_iterator<Event*, std::vector<Event, std::allocator<Event> > >, Compare) (stl_heap.h:332)
==285==    by 0x111D9C: ProjectCalculations::calculateVoronoiDiagram(std::vector<Vertex, std::allocator<Vertex> >*) (ProjectCalculations.cpp:39)
==285==    by 0x10AAB8: main (main.cpp:77)
==285== 
==285== 24 bytes in 1 blocks are definitely lost in loss record 16 of 28
==285==    at 0x4849013: operator new(unsigned long) (in /usr/libexec/valgrind/vgpreload_memcheck-amd64-linux.so)
==285==    by 0x111A8D: Event::Event(Event const&) (Event.cpp:45)
==285==    by 0x110DEC: void std::__adjust_heap<__gnu_cxx::__normal_iterator<Event*, std::vector<Event, std::allocator<Event> > >, long, Event, __gnu_cxx::__ops::_Iter_comp_iter<Compare> >(__gnu_cxx::__normal_iterator<Event*, std::vector<Event, std::allocator<Event> > >, long, long, Event, __gnu_cxx::__ops::_Iter_comp_iter<Compare>) (stl_heap.h:246)
==285==    by 0x112692: void std::__pop_heap<__gnu_cxx::__normal_iterator<Event*, std::vector<Event, std::allocator<Event> > >, __gnu_cxx::__ops::_Iter_comp_iter<Compare> >(__gnu_cxx::__normal_iterator<Event*, std::vector<Event, std::allocator<Event> > >, __gnu_cxx::__normal_iterator<Event*, std::vector<Event, std::allocator<Event> > >, __gnu_cxx::__normal_iterator<Event*, std::vector<Event, std::allocator<Event> > >, __gnu_cxx::__ops::_Iter_comp_iter<Compare>&) (stl_heap.h:263)
==285==    by 0x112393: void std::pop_heap<__gnu_cxx::__normal_iterator<Event*, std::vector<Event, std::allocator<Event> > >, Compare>(__gnu_cxx::__normal_iterator<Event*, std::vector<Event, std::allocator<Event> > >, __gnu_cxx::__normal_iterator<Event*, std::vector<Event, std::allocator<Event> > >, Compare) (stl_heap.h:332)
==285==    by 0x111D9C: ProjectCalculations::calculateVoronoiDiagram(std::vector<Vertex, std::allocator<Vertex> >*) (ProjectCalculations.cpp:39)
==285==    by 0x10AAB8: main (main.cpp:77)
==285== 
==285== 48 bytes in 2 blocks are definitely lost in loss record 17 of 28
==285==    at 0x4849013: operator new(unsigned long) (in /usr/libexec/valgrind/vgpreload_memcheck-amd64-linux.so)
==285==    by 0x111A8D: Event::Event(Event const&) (Event.cpp:45)
==285==    by 0x111114: bool __gnu_cxx::__ops::_Iter_comp_val<Compare>::operator()<__gnu_cxx::__normal_iterator<Event*, std::vector<Event, std::allocator<Event> > >, Event>(__gnu_cxx::__normal_iterator<Event*, std::vector<Event, std::allocator<Event> > >, Event&) (predefined_ops.h:196)
==285==    by 0x110AA0: void std::__push_heap<__gnu_cxx::__normal_iterator<Event*, std::vector<Event, std::allocator<Event> > >, long, Event, __gnu_cxx::__ops::_Iter_comp_val<Compare> >(__gnu_cxx::__normal_iterator<Event*, std::vector<Event, std::allocator<Event> > >, long, long, Event, __gnu_cxx::__ops::_Iter_comp_val<Compare>&) (stl_heap.h:139)
==285==    by 0x1101AD: void std::push_heap<__gnu_cxx::__normal_iterator<Event*, std::vector<Event, std::allocator<Event> > >, Compare>(__gnu_cxx::__normal_iterator<Event*, std::vector<Event, std::allocator<Event> > >, __gnu_cxx::__normal_iterator<Event*, std::vector<Event, std::allocator<Event> > >, Compare) (stl_heap.h:215)
==285==    by 0x10F89C: BeachLineRedBlackTree::checkCircleEvent(Node*, std::vector<Event, std::allocator<Event> >*) (Beach_Line_RedBlackTree.cpp:987)
==285==    by 0x10EFA8: BeachLineRedBlackTree::insert(Vertex, std::vector<Event, std::allocator<Event> >*) (Beach_Line_RedBlackTree.cpp:829)
==285==    by 0x111E6C: ProjectCalculations::calculateVoronoiDiagram(std::vector<Vertex, std::allocator<Vertex> >*) (ProjectCalculations.cpp:48)
==285==    by 0x10AAB8: main (main.cpp:77)
==285== 
==285== 80 bytes in 1 blocks are definitely lost in loss record 19 of 28
==285==    at 0x484A2F3: operator new[](unsigned long) (in /usr/libexec/valgrind/vgpreload_memcheck-amd64-linux.so)
==285==    by 0x10CA95: Arc::operator=(Arc const&) (Beach_Line_RedBlackTree.cpp:34)
==285==    by 0x10E127: BeachLineRedBlackTree::insert(Vertex, std::vector<Event, std::allocator<Event> >*) (Beach_Line_RedBlackTree.cpp:639)
==285==    by 0x111E6C: ProjectCalculations::calculateVoronoiDiagram(std::vector<Vertex, std::allocator<Vertex> >*) (ProjectCalculations.cpp:48)
==285==    by 0x10AAB8: main (main.cpp:77)
==285== 
==285== 80 bytes in 1 blocks are definitely lost in loss record 20 of 28
==285==    at 0x484A2F3: operator new[](unsigned long) (in /usr/libexec/valgrind/vgpreload_memcheck-amd64-linux.so)
==285==    by 0x10CA95: Arc::operator=(Arc const&) (Beach_Line_RedBlackTree.cpp:34)
==285==    by 0x10E39C: BeachLineRedBlackTree::insert(Vertex, std::vector<Event, std::allocator<Event> >*) (Beach_Line_RedBlackTree.cpp:677)
==285==    by 0x111E6C: ProjectCalculations::calculateVoronoiDiagram(std::vector<Vertex, std::allocator<Vertex> >*) (ProjectCalculations.cpp:48)
==285==    by 0x10AAB8: main (main.cpp:77)
==285== 
==285== 1,432 (104 direct, 1,328 indirect) bytes in 1 blocks are definitely lost in loss record 28 of 28
==285==    at 0x4849013: operator new(unsigned long) (in /usr/libexec/valgrind/vgpreload_memcheck-amd64-linux.so)
==285==    by 0x10E200: BeachLineRedBlackTree::insert(Vertex, std::vector<Event, std::allocator<Event> >*) (Beach_Line_RedBlackTree.cpp:660)
==285==    by 0x111E6C: ProjectCalculations::calculateVoronoiDiagram(std::vector<Vertex, std::allocator<Vertex> >*) (ProjectCalculations.cpp:48)
==285==    by 0x10AAB8: main (main.cpp:77)
==285== 
==285== LEAK SUMMARY:
==285==    definitely lost: 600 bytes in 17 blocks
==285==    indirectly lost: 1,328 bytes in 17 blocks
==285==      possibly lost: 0 bytes in 0 blocks
==285==    still reachable: 0 bytes in 0 blocks
==285==         suppressed: 0 bytes in 0 blocks
==285== 
==285== Use --track-origins=yes to see where uninitialised values come from
==285== For lists of detected and suppressed errors, rerun with: -s
==285== ERROR SUMMARY: 22 errors from 19 contexts (suppressed: 0 from 0)
